Build output check failed:
    Regex: 'command[- ]line option .* is valid for .* but not for C'
    Output line: 'cc1: warning: command line option ‘-Wnon-virtual-dtor’ is valid for C++/ObjC++ but not for C'
Compilation failed:
    source file: '/home/marek/Documents/AutonomousFlight/CV_scripts/build/build/build/CMakeFiles/CMakeTmp/src.c'
    check option: ' -fsigned-char -W -Wall -Wreturn-type  -Wnon-virtual-dtor'
===== BUILD LOG =====
Change Dir: /home/marek/Documents/AutonomousFlight/CV_scripts/build/build/build/CMakeFiles/CMakeTmp

Run Build Command(s):/usr/bin/make cmTC_a412a/fast && /usr/bin/make -f CMakeFiles/cmTC_a412a.dir/build.make CMakeFiles/cmTC_a412a.dir/build
make[1]: Entering directory '/home/marek/Documents/AutonomousFlight/CV_scripts/build/build/build/CMakeFiles/CMakeTmp'
Building C object CMakeFiles/cmTC_a412a.dir/src.c.o
/usr/bin/cc   -O3 -DNDEBUG -fPIE    -fsigned-char -W -Wall -Wreturn-type  -Wnon-virtual-dtor -o CMakeFiles/cmTC_a412a.dir/src.c.o   -c /home/marek/Documents/AutonomousFlight/CV_scripts/build/build/build/CMakeFiles/CMakeTmp/src.c
cc1: warning: command line option ‘-Wnon-virtual-dtor’ is valid for C++/ObjC++ but not for C
/home/marek/Documents/AutonomousFlight/CV_scripts/build/build/build/CMakeFiles/CMakeTmp/src.c:1: warning: ignoring #pragma   [-Wunknown-pragmas]
    1 | #pragma
      | 
Linking C executable cmTC_a412a
/usr/bin/cmake -E cmake_link_script CMakeFiles/cmTC_a412a.dir/link.txt --verbose=1
/usr/bin/cc   -O3 -DNDEBUG    CMakeFiles/cmTC_a412a.dir/src.c.o  -o cmTC_a412a 
make[1]: Leaving directory '/home/marek/Documents/AutonomousFlight/CV_scripts/build/build/build/CMakeFiles/CMakeTmp'


===== END =====

Build output check failed:
    Regex: 'command[- ]line option .* is valid for .* but not for C\+\+'
    Output line: 'cc1plus: warning: command line option ‘-Wmissing-prototypes’ is valid for C/ObjC but not for C++'
Compilation failed:
    source file: '/home/marek/Documents/AutonomousFlight/CV_scripts/build/build/build/CMakeFiles/CMakeTmp/src.cxx'
    check option: ' -fsigned-char -W -Wall -Wreturn-type -Wnon-virtual-dtor -Waddress -Wsequence-point -Wformat -Wformat-security -Wmissing-declarations  -Wmissing-prototypes'
===== BUILD LOG =====
Change Dir: /home/marek/Documents/AutonomousFlight/CV_scripts/build/build/build/CMakeFiles/CMakeTmp

Run Build Command(s):/usr/bin/make cmTC_1187d/fast && /usr/bin/make -f CMakeFiles/cmTC_1187d.dir/build.make CMakeFiles/cmTC_1187d.dir/build
make[1]: Entering directory '/home/marek/Documents/AutonomousFlight/CV_scripts/build/build/build/CMakeFiles/CMakeTmp'
Building CXX object CMakeFiles/cmTC_1187d.dir/src.cxx.o
/usr/bin/c++    -O3 -DNDEBUG -fPIE    -fsigned-char -W -Wall -Wreturn-type -Wnon-virtual-dtor -Waddress -Wsequence-point -Wformat -Wformat-security -Wmissing-declarations  -Wmissing-prototypes -std=c++11 -o CMakeFiles/cmTC_1187d.dir/src.cxx.o -c /home/marek/Documents/AutonomousFlight/CV_scripts/build/build/build/CMakeFiles/CMakeTmp/src.cxx
cc1plus: warning: command line option ‘-Wmissing-prototypes’ is valid for C/ObjC but not for C++
/home/marek/Documents/AutonomousFlight/CV_scripts/build/build/build/CMakeFiles/CMakeTmp/src.cxx:1: warning: ignoring #pragma   [-Wunknown-pragmas]
    1 | #pragma
      | 
Linking CXX executable cmTC_1187d
/usr/bin/cmake -E cmake_link_script CMakeFiles/cmTC_1187d.dir/link.txt --verbose=1
/usr/bin/c++    -O3 -DNDEBUG    CMakeFiles/cmTC_1187d.dir/src.cxx.o  -o cmTC_1187d 
make[1]: Leaving directory '/home/marek/Documents/AutonomousFlight/CV_scripts/build/build/build/CMakeFiles/CMakeTmp'


===== END =====

Build output check failed:
    Regex: 'command[- ]line option .* is valid for .* but not for C\+\+'
    Output line: 'cc1plus: warning: command line option ‘-Wstrict-prototypes’ is valid for C/ObjC but not for C++'
Compilation failed:
    source file: '/home/marek/Documents/AutonomousFlight/CV_scripts/build/build/build/CMakeFiles/CMakeTmp/src.cxx'
    check option: ' -fsigned-char -W -Wall -Wreturn-type -Wnon-virtual-dtor -Waddress -Wsequence-point -Wformat -Wformat-security -Wmissing-declarations  -Wstrict-prototypes'
===== BUILD LOG =====
Change Dir: /home/marek/Documents/AutonomousFlight/CV_scripts/build/build/build/CMakeFiles/CMakeTmp

Run Build Command(s):/usr/bin/make cmTC_42b37/fast && /usr/bin/make -f CMakeFiles/cmTC_42b37.dir/build.make CMakeFiles/cmTC_42b37.dir/build
make[1]: Entering directory '/home/marek/Documents/AutonomousFlight/CV_scripts/build/build/build/CMakeFiles/CMakeTmp'
Building CXX object CMakeFiles/cmTC_42b37.dir/src.cxx.o
/usr/bin/c++    -O3 -DNDEBUG -fPIE    -fsigned-char -W -Wall -Wreturn-type -Wnon-virtual-dtor -Waddress -Wsequence-point -Wformat -Wformat-security -Wmissing-declarations  -Wstrict-prototypes -std=c++11 -o CMakeFiles/cmTC_42b37.dir/src.cxx.o -c /home/marek/Documents/AutonomousFlight/CV_scripts/build/build/build/CMakeFiles/CMakeTmp/src.cxx
cc1plus: warning: command line option ‘-Wstrict-prototypes’ is valid for C/ObjC but not for C++
/home/marek/Documents/AutonomousFlight/CV_scripts/build/build/build/CMakeFiles/CMakeTmp/src.cxx:1: warning: ignoring #pragma   [-Wunknown-pragmas]
    1 | #pragma
      | 
Linking CXX executable cmTC_42b37
/usr/bin/cmake -E cmake_link_script CMakeFiles/cmTC_42b37.dir/link.txt --verbose=1
/usr/bin/c++    -O3 -DNDEBUG    CMakeFiles/cmTC_42b37.dir/src.cxx.o  -o cmTC_42b37 
make[1]: Leaving directory '/home/marek/Documents/AutonomousFlight/CV_scripts/build/build/build/CMakeFiles/CMakeTmp'


===== END =====

Build output check failed:
    Regex: 'command[- ]line option .* is valid for .* but not for C'
    Output line: 'cc1: warning: command line option ‘-Wsign-promo’ is valid for C++/ObjC++ but not for C'
Compilation failed:
    source file: '/home/marek/Documents/AutonomousFlight/CV_scripts/build/build/build/CMakeFiles/CMakeTmp/src.c'
    check option: ' -fsigned-char -W -Wall -Wreturn-type -Waddress -Wsequence-point -Wformat -Wformat-security -Wmissing-declarations -Wmissing-prototypes -Wstrict-prototypes -Wundef -Winit-self -Wpointer-arith -Wshadow  -Wsign-promo'
===== BUILD LOG =====
Change Dir: /home/marek/Documents/AutonomousFlight/CV_scripts/build/build/build/CMakeFiles/CMakeTmp

Run Build Command(s):/usr/bin/make cmTC_00410/fast && /usr/bin/make -f CMakeFiles/cmTC_00410.dir/build.make CMakeFiles/cmTC_00410.dir/build
make[1]: Entering directory '/home/marek/Documents/AutonomousFlight/CV_scripts/build/build/build/CMakeFiles/CMakeTmp'
Building C object CMakeFiles/cmTC_00410.dir/src.c.o
/usr/bin/cc   -O3 -DNDEBUG -fPIE    -fsigned-char -W -Wall -Wreturn-type -Waddress -Wsequence-point -Wformat -Wformat-security -Wmissing-declarations -Wmissing-prototypes -Wstrict-prototypes -Wundef -Winit-self -Wpointer-arith -Wshadow  -Wsign-promo -o CMakeFiles/cmTC_00410.dir/src.c.o   -c /home/marek/Documents/AutonomousFlight/CV_scripts/build/build/build/CMakeFiles/CMakeTmp/src.c
cc1: warning: command line option ‘-Wsign-promo’ is valid for C++/ObjC++ but not for C
/home/marek/Documents/AutonomousFlight/CV_scripts/build/build/build/CMakeFiles/CMakeTmp/src.c:1: warning: ignoring #pragma   [-Wunknown-pragmas]
    1 | #pragma
      | 
Linking C executable cmTC_00410
/usr/bin/cmake -E cmake_link_script CMakeFiles/cmTC_00410.dir/link.txt --verbose=1
/usr/bin/cc   -O3 -DNDEBUG    CMakeFiles/cmTC_00410.dir/src.c.o  -o cmTC_00410 
make[1]: Leaving directory '/home/marek/Documents/AutonomousFlight/CV_scripts/build/build/build/CMakeFiles/CMakeTmp'


===== END =====

Build output check failed:
    Regex: 'command[- ]line option .* is valid for .* but not for C'
    Output line: 'cc1: warning: command line option ‘-Wsuggest-override’ is valid for C++/ObjC++ but not for C'
Compilation failed:
    source file: '/home/marek/Documents/AutonomousFlight/CV_scripts/build/build/build/CMakeFiles/CMakeTmp/src.c'
    check option: ' -fsigned-char -W -Wall -Wreturn-type -Waddress -Wsequence-point -Wformat -Wformat-security -Wmissing-declarations -Wmissing-prototypes -Wstrict-prototypes -Wundef -Winit-self -Wpointer-arith -Wshadow -Wuninitialized  -Wsuggest-override'
===== BUILD LOG =====
Change Dir: /home/marek/Documents/AutonomousFlight/CV_scripts/build/build/build/CMakeFiles/CMakeTmp

Run Build Command(s):/usr/bin/make cmTC_3c543/fast && /usr/bin/make -f CMakeFiles/cmTC_3c543.dir/build.make CMakeFiles/cmTC_3c543.dir/build
make[1]: Entering directory '/home/marek/Documents/AutonomousFlight/CV_scripts/build/build/build/CMakeFiles/CMakeTmp'
Building C object CMakeFiles/cmTC_3c543.dir/src.c.o
/usr/bin/cc   -O3 -DNDEBUG -fPIE    -fsigned-char -W -Wall -Wreturn-type -Waddress -Wsequence-point -Wformat -Wformat-security -Wmissing-declarations -Wmissing-prototypes -Wstrict-prototypes -Wundef -Winit-self -Wpointer-arith -Wshadow -Wuninitialized  -Wsuggest-override -o CMakeFiles/cmTC_3c543.dir/src.c.o   -c /home/marek/Documents/AutonomousFlight/CV_scripts/build/build/build/CMakeFiles/CMakeTmp/src.c
cc1: warning: command line option ‘-Wsuggest-override’ is valid for C++/ObjC++ but not for C
/home/marek/Documents/AutonomousFlight/CV_scripts/build/build/build/CMakeFiles/CMakeTmp/src.c:1: warning: ignoring #pragma   [-Wunknown-pragmas]
    1 | #pragma
      | 
Linking C executable cmTC_3c543
/usr/bin/cmake -E cmake_link_script CMakeFiles/cmTC_3c543.dir/link.txt --verbose=1
/usr/bin/cc   -O3 -DNDEBUG    CMakeFiles/cmTC_3c543.dir/src.c.o  -o cmTC_3c543 
make[1]: Leaving directory '/home/marek/Documents/AutonomousFlight/CV_scripts/build/build/build/CMakeFiles/CMakeTmp'


===== END =====

Build output check failed:
    Regex: 'command[- ]line option .* is valid for .* but not for C'
    Output line: 'cc1: warning: command line option ‘-Wno-delete-non-virtual-dtor’ is valid for C++/ObjC++ but not for C'
Compilation failed:
    source file: '/home/marek/Documents/AutonomousFlight/CV_scripts/build/build/build/CMakeFiles/CMakeTmp/src.c'
    check option: ' -fsigned-char -W -Wall -Wreturn-type -Waddress -Wsequence-point -Wformat -Wformat-security -Wmissing-declarations -Wmissing-prototypes -Wstrict-prototypes -Wundef -Winit-self -Wpointer-arith -Wshadow -Wuninitialized  -Wno-delete-non-virtual-dtor'
===== BUILD LOG =====
Change Dir: /home/marek/Documents/AutonomousFlight/CV_scripts/build/build/build/CMakeFiles/CMakeTmp

Run Build Command(s):/usr/bin/make cmTC_96747/fast && /usr/bin/make -f CMakeFiles/cmTC_96747.dir/build.make CMakeFiles/cmTC_96747.dir/build
make[1]: Entering directory '/home/marek/Documents/AutonomousFlight/CV_scripts/build/build/build/CMakeFiles/CMakeTmp'
Building C object CMakeFiles/cmTC_96747.dir/src.c.o
/usr/bin/cc   -O3 -DNDEBUG -fPIE    -fsigned-char -W -Wall -Wreturn-type -Waddress -Wsequence-point -Wformat -Wformat-security -Wmissing-declarations -Wmissing-prototypes -Wstrict-prototypes -Wundef -Winit-self -Wpointer-arith -Wshadow -Wuninitialized  -Wno-delete-non-virtual-dtor -o CMakeFiles/cmTC_96747.dir/src.c.o   -c /home/marek/Documents/AutonomousFlight/CV_scripts/build/build/build/CMakeFiles/CMakeTmp/src.c
cc1: warning: command line option ‘-Wno-delete-non-virtual-dtor’ is valid for C++/ObjC++ but not for C
/home/marek/Documents/AutonomousFlight/CV_scripts/build/build/build/CMakeFiles/CMakeTmp/src.c:1: warning: ignoring #pragma   [-Wunknown-pragmas]
    1 | #pragma
      | 
Linking C executable cmTC_96747
/usr/bin/cmake -E cmake_link_script CMakeFiles/cmTC_96747.dir/link.txt --verbose=1
/usr/bin/cc   -O3 -DNDEBUG    CMakeFiles/cmTC_96747.dir/src.c.o  -o cmTC_96747 
make[1]: Leaving directory '/home/marek/Documents/AutonomousFlight/CV_scripts/build/build/build/CMakeFiles/CMakeTmp'


===== END =====

Build output check failed:
    Regex: 'unrecognized .*option'
    Output line: 'cc1plus: warning: unrecognized command line option ‘-Wno-unnamed-type-template-args’'
Compilation failed:
    source file: '/home/marek/Documents/AutonomousFlight/CV_scripts/build/build/build/CMakeFiles/CMakeTmp/src.cxx'
    check option: ' -fsigned-char -W -Wall -Wreturn-type -Wnon-virtual-dtor -Waddress -Wsequence-point -Wformat -Wformat-security -Wmissing-declarations -Wundef -Winit-self -Wpointer-arith -Wshadow -Wsign-promo -Wuninitialized -Wsuggest-override -Wno-delete-non-virtual-dtor  -Wno-unnamed-type-template-args'
===== BUILD LOG =====
Change Dir: /home/marek/Documents/AutonomousFlight/CV_scripts/build/build/build/CMakeFiles/CMakeTmp

Run Build Command(s):/usr/bin/make cmTC_f82c8/fast && /usr/bin/make -f CMakeFiles/cmTC_f82c8.dir/build.make CMakeFiles/cmTC_f82c8.dir/build
make[1]: Entering directory '/home/marek/Documents/AutonomousFlight/CV_scripts/build/build/build/CMakeFiles/CMakeTmp'
Building CXX object CMakeFiles/cmTC_f82c8.dir/src.cxx.o
/usr/bin/c++    -O3 -DNDEBUG -fPIE    -fsigned-char -W -Wall -Wreturn-type -Wnon-virtual-dtor -Waddress -Wsequence-point -Wformat -Wformat-security -Wmissing-declarations -Wundef -Winit-self -Wpointer-arith -Wshadow -Wsign-promo -Wuninitialized -Wsuggest-override -Wno-delete-non-virtual-dtor  -Wno-unnamed-type-template-args -std=c++11 -o CMakeFiles/cmTC_f82c8.dir/src.cxx.o -c /home/marek/Documents/AutonomousFlight/CV_scripts/build/build/build/CMakeFiles/CMakeTmp/src.cxx
/home/marek/Documents/AutonomousFlight/CV_scripts/build/build/build/CMakeFiles/CMakeTmp/src.cxx:1: warning: ignoring #pragma   [-Wunknown-pragmas]
    1 | #pragma
      | 
cc1plus: warning: unrecognized command line option ‘-Wno-unnamed-type-template-args’
Linking CXX executable cmTC_f82c8
/usr/bin/cmake -E cmake_link_script CMakeFiles/cmTC_f82c8.dir/link.txt --verbose=1
/usr/bin/c++    -O3 -DNDEBUG    CMakeFiles/cmTC_f82c8.dir/src.cxx.o  -o cmTC_f82c8 
make[1]: Leaving directory '/home/marek/Documents/AutonomousFlight/CV_scripts/build/build/build/CMakeFiles/CMakeTmp'


===== END =====

Build output check failed:
    Regex: 'unrecognized .*option'
    Output line: 'cc1: warning: unrecognized command line option ‘-Wno-unnamed-type-template-args’'
Compilation failed:
    source file: '/home/marek/Documents/AutonomousFlight/CV_scripts/build/build/build/CMakeFiles/CMakeTmp/src.c'
    check option: ' -fsigned-char -W -Wall -Wreturn-type -Waddress -Wsequence-point -Wformat -Wformat-security -Wmissing-declarations -Wmissing-prototypes -Wstrict-prototypes -Wundef -Winit-self -Wpointer-arith -Wshadow -Wuninitialized  -Wno-unnamed-type-template-args'
===== BUILD LOG =====
Change Dir: /home/marek/Documents/AutonomousFlight/CV_scripts/build/build/build/CMakeFiles/CMakeTmp

Run Build Command(s):/usr/bin/make cmTC_e1b54/fast && /usr/bin/make -f CMakeFiles/cmTC_e1b54.dir/build.make CMakeFiles/cmTC_e1b54.dir/build
make[1]: Entering directory '/home/marek/Documents/AutonomousFlight/CV_scripts/build/build/build/CMakeFiles/CMakeTmp'
Building C object CMakeFiles/cmTC_e1b54.dir/src.c.o
/usr/bin/cc   -O3 -DNDEBUG -fPIE    -fsigned-char -W -Wall -Wreturn-type -Waddress -Wsequence-point -Wformat -Wformat-security -Wmissing-declarations -Wmissing-prototypes -Wstrict-prototypes -Wundef -Winit-self -Wpointer-arith -Wshadow -Wuninitialized  -Wno-unnamed-type-template-args -o CMakeFiles/cmTC_e1b54.dir/src.c.o   -c /home/marek/Documents/AutonomousFlight/CV_scripts/build/build/build/CMakeFiles/CMakeTmp/src.c
/home/marek/Documents/AutonomousFlight/CV_scripts/build/build/build/CMakeFiles/CMakeTmp/src.c:1: warning: ignoring #pragma   [-Wunknown-pragmas]
    1 | #pragma
      | 
cc1: warning: unrecognized command line option ‘-Wno-unnamed-type-template-args’
Linking C executable cmTC_e1b54
/usr/bin/cmake -E cmake_link_script CMakeFiles/cmTC_e1b54.dir/link.txt --verbose=1
/usr/bin/cc   -O3 -DNDEBUG    CMakeFiles/cmTC_e1b54.dir/src.c.o  -o cmTC_e1b54 
make[1]: Leaving directory '/home/marek/Documents/AutonomousFlight/CV_scripts/build/build/build/CMakeFiles/CMakeTmp'


===== END =====

Build output check failed:
    Regex: 'command[- ]line option .* is valid for .* but not for C'
    Output line: 'cc1: warning: command line option ‘-fvisibility-inlines-hidden’ is valid for C++/ObjC++ but not for C'
Compilation failed:
    source file: '/home/marek/Documents/AutonomousFlight/CV_scripts/build/build/build/CMakeFiles/CMakeTmp/src.c'
    check option: ' -fsigned-char -W -Wall -Wreturn-type -Waddress -Wsequence-point -Wformat -Wformat-security -Wmissing-declarations -Wmissing-prototypes -Wstrict-prototypes -Wundef -Winit-self -Wpointer-arith -Wshadow -Wuninitialized -Wno-comment -Wimplicit-fallthrough=3 -Wno-strict-overflow -fdiagnostics-show-option -Wno-long-long -pthread -fomit-frame-pointer -ffunction-sections -fdata-sections  -msse -msse2 -msse3 -fvisibility=hidden  -fvisibility-inlines-hidden'
===== BUILD LOG =====
Change Dir: /home/marek/Documents/AutonomousFlight/CV_scripts/build/build/build/CMakeFiles/CMakeTmp

Run Build Command(s):/usr/bin/make cmTC_4e504/fast && /usr/bin/make -f CMakeFiles/cmTC_4e504.dir/build.make CMakeFiles/cmTC_4e504.dir/build
make[1]: Entering directory '/home/marek/Documents/AutonomousFlight/CV_scripts/build/build/build/CMakeFiles/CMakeTmp'
Building C object CMakeFiles/cmTC_4e504.dir/src.c.o
/usr/bin/cc   -O3 -DNDEBUG -fPIE    -fsigned-char -W -Wall -Wreturn-type -Waddress -Wsequence-point -Wformat -Wformat-security -Wmissing-declarations -Wmissing-prototypes -Wstrict-prototypes -Wundef -Winit-self -Wpointer-arith -Wshadow -Wuninitialized -Wno-comment -Wimplicit-fallthrough=3 -Wno-strict-overflow -fdiagnostics-show-option -Wno-long-long -pthread -fomit-frame-pointer -ffunction-sections -fdata-sections  -msse -msse2 -msse3 -fvisibility=hidden  -fvisibility-inlines-hidden -o CMakeFiles/cmTC_4e504.dir/src.c.o   -c /home/marek/Documents/AutonomousFlight/CV_scripts/build/build/build/CMakeFiles/CMakeTmp/src.c
cc1: warning: command line option ‘-fvisibility-inlines-hidden’ is valid for C++/ObjC++ but not for C
/home/marek/Documents/AutonomousFlight/CV_scripts/build/build/build/CMakeFiles/CMakeTmp/src.c:1: warning: ignoring #pragma   [-Wunknown-pragmas]
    1 | #pragma
      | 
Linking C executable cmTC_4e504
/usr/bin/cmake -E cmake_link_script CMakeFiles/cmTC_4e504.dir/link.txt --verbose=1
/usr/bin/cc   -O3 -DNDEBUG    CMakeFiles/cmTC_4e504.dir/src.c.o  -o cmTC_4e504 
make[1]: Leaving directory '/home/marek/Documents/AutonomousFlight/CV_scripts/build/build/build/CMakeFiles/CMakeTmp'


===== END =====

Build output check failed:
    Regex: 'unrecognized .*option'
    Output line: 'cc1plus: warning: unrecognized command line option ‘-Wno-inconsistent-missing-override’'
Compilation failed:
    source file: '/home/marek/Documents/AutonomousFlight/CV_scripts/build/build/build/CMakeFiles/CMakeTmp/src.cxx'
    check option: ' -Wno-inconsistent-missing-override'
===== BUILD LOG =====
Change Dir: /home/marek/Documents/AutonomousFlight/CV_scripts/build/build/build/CMakeFiles/CMakeTmp

Run Build Command(s):/usr/bin/make cmTC_3e148/fast && /usr/bin/make -f CMakeFiles/cmTC_3e148.dir/build.make CMakeFiles/cmTC_3e148.dir/build
make[1]: Entering directory '/home/marek/Documents/AutonomousFlight/CV_scripts/build/build/build/CMakeFiles/CMakeTmp'
Building CXX object CMakeFiles/cmTC_3e148.dir/src.cxx.o
/usr/bin/c++    -fsigned-char -W -Wall -Wreturn-type -Wnon-virtual-dtor -Waddress -Wsequence-point -Wformat -Wformat-security -Winit-self -Wpointer-arith -Wsign-promo -Wno-delete-non-virtual-dtor -Wno-comment -Wimplicit-fallthrough=3 -Wno-strict-overflow -fdiagnostics-show-option -Wno-long-long -pthread -fomit-frame-pointer -ffunction-sections -fdata-sections  -msse -msse2 -msse3 -fvisibility=hidden -fvisibility-inlines-hidden -Wno-shadow -Wno-unused -Wno-sign-compare -Wno-undef -Wno-missing-declarations -Wno-uninitialized -Wno-switch -Wno-parentheses -Wno-array-bounds -Wno-extra -Wno-deprecated-declarations -Wno-misleading-indentation -Wno-deprecated -Wno-suggest-override  -O3 -DNDEBUG  -DNDEBUG -fPIE    -Wno-inconsistent-missing-override -std=c++11 -o CMakeFiles/cmTC_3e148.dir/src.cxx.o -c /home/marek/Documents/AutonomousFlight/CV_scripts/build/build/build/CMakeFiles/CMakeTmp/src.cxx
/home/marek/Documents/AutonomousFlight/CV_scripts/build/build/build/CMakeFiles/CMakeTmp/src.cxx:1: warning: ignoring #pragma   [-Wunknown-pragmas]
    1 | #pragma
      | 
cc1plus: warning: unrecognized command line option ‘-Wno-inconsistent-missing-override’
Linking CXX executable cmTC_3e148
/usr/bin/cmake -E cmake_link_script CMakeFiles/cmTC_3e148.dir/link.txt --verbose=1
/usr/bin/c++     -fsigned-char -W -Wall -Wreturn-type -Wnon-virtual-dtor -Waddress -Wsequence-point -Wformat -Wformat-security -Winit-self -Wpointer-arith -Wsign-promo -Wno-delete-non-virtual-dtor -Wno-comment -Wimplicit-fallthrough=3 -Wno-strict-overflow -fdiagnostics-show-option -Wno-long-long -pthread -fomit-frame-pointer -ffunction-sections -fdata-sections  -msse -msse2 -msse3 -fvisibility=hidden -fvisibility-inlines-hidden -Wno-shadow -Wno-unused -Wno-sign-compare -Wno-undef -Wno-missing-declarations -Wno-uninitialized -Wno-switch -Wno-parentheses -Wno-array-bounds -Wno-extra -Wno-deprecated-declarations -Wno-misleading-indentation -Wno-deprecated -Wno-suggest-override  -O3 -DNDEBUG  -DNDEBUG    -Wl,--gc-sections -Wl,--as-needed -Wl,--no-undefined  CMakeFiles/cmTC_3e148.dir/src.cxx.o  -o cmTC_3e148 
make[1]: Leaving directory '/home/marek/Documents/AutonomousFlight/CV_scripts/build/build/build/CMakeFiles/CMakeTmp'


===== END =====

Build output check failed:
    Regex: 'command[- ]line option .* is valid for .* but not for C\+\+'
    Output line: 'cc1plus: warning: command line option ‘-Wno-missing-prototypes’ is valid for C/ObjC but not for C++'
Compilation failed:
    source file: '/home/marek/Documents/AutonomousFlight/CV_scripts/build/build/build/CMakeFiles/CMakeTmp/src.cxx'
    check option: ' -Wno-missing-prototypes'
===== BUILD LOG =====
Change Dir: /home/marek/Documents/AutonomousFlight/CV_scripts/build/build/build/CMakeFiles/CMakeTmp

Run Build Command(s):/usr/bin/make cmTC_df0e3/fast && /usr/bin/make -f CMakeFiles/cmTC_df0e3.dir/build.make CMakeFiles/cmTC_df0e3.dir/build
make[1]: Entering directory '/home/marek/Documents/AutonomousFlight/CV_scripts/build/build/build/CMakeFiles/CMakeTmp'
Building CXX object CMakeFiles/cmTC_df0e3.dir/src.cxx.o
/usr/bin/c++    -fsigned-char -W -Wall -Wreturn-type -Wnon-virtual-dtor -Waddress -Wsequence-point -Wformat -Wformat-security -Winit-self -Wpointer-arith -Wsign-promo -Wno-delete-non-virtual-dtor -Wno-comment -Wno-strict-overflow -fdiagnostics-show-option -Wno-long-long -pthread -fomit-frame-pointer -ffunction-sections -fdata-sections  -msse -msse2 -msse3 -fvisibility=hidden -fvisibility-inlines-hidden -Wno-shadow -Wno-unused -Wno-sign-compare -Wno-undef -Wno-missing-declarations -Wno-uninitialized -Wno-switch -Wno-parentheses -Wno-array-bounds -Wno-extra -Wno-deprecated-declarations -Wno-misleading-indentation -Wno-deprecated -Wno-suggest-override -Wno-implicit-fallthrough -Wno-tautological-compare  -O3 -DNDEBUG  -DNDEBUG -fPIE    -Wno-missing-prototypes -std=c++11 -o CMakeFiles/cmTC_df0e3.dir/src.cxx.o -c /home/marek/Documents/AutonomousFlight/CV_scripts/build/build/build/CMakeFiles/CMakeTmp/src.cxx
cc1plus: warning: command line option ‘-Wno-missing-prototypes’ is valid for C/ObjC but not for C++
/home/marek/Documents/AutonomousFlight/CV_scripts/build/build/build/CMakeFiles/CMakeTmp/src.cxx:1: warning: ignoring #pragma   [-Wunknown-pragmas]
    1 | #pragma
      | 
Linking CXX executable cmTC_df0e3
/usr/bin/cmake -E cmake_link_script CMakeFiles/cmTC_df0e3.dir/link.txt --verbose=1
/usr/bin/c++     -fsigned-char -W -Wall -Wreturn-type -Wnon-virtual-dtor -Waddress -Wsequence-point -Wformat -Wformat-security -Winit-self -Wpointer-arith -Wsign-promo -Wno-delete-non-virtual-dtor -Wno-comment -Wno-strict-overflow -fdiagnostics-show-option -Wno-long-long -pthread -fomit-frame-pointer -ffunction-sections -fdata-sections  -msse -msse2 -msse3 -fvisibility=hidden -fvisibility-inlines-hidden -Wno-shadow -Wno-unused -Wno-sign-compare -Wno-undef -Wno-missing-declarations -Wno-uninitialized -Wno-switch -Wno-parentheses -Wno-array-bounds -Wno-extra -Wno-deprecated-declarations -Wno-misleading-indentation -Wno-deprecated -Wno-suggest-override -Wno-implicit-fallthrough -Wno-tautological-compare  -O3 -DNDEBUG  -DNDEBUG    -Wl,--gc-sections -Wl,--as-needed -Wl,--no-undefined  CMakeFiles/cmTC_df0e3.dir/src.cxx.o  -o cmTC_df0e3 
make[1]: Leaving directory '/home/marek/Documents/AutonomousFlight/CV_scripts/build/build/build/CMakeFiles/CMakeTmp'


===== END =====

Build output check failed:
    Regex: 'unrecognized .*option'
    Output line: 'cc1plus: warning: unrecognized command line option ‘-Wno-implicit-const-int-float-conversion’'
Compilation failed:
    source file: '/home/marek/Documents/AutonomousFlight/CV_scripts/build/build/build/CMakeFiles/CMakeTmp/src.cxx'
    check option: ' -Wno-implicit-const-int-float-conversion'
===== BUILD LOG =====
Change Dir: /home/marek/Documents/AutonomousFlight/CV_scripts/build/build/build/CMakeFiles/CMakeTmp

Run Build Command(s):/usr/bin/make cmTC_f9fb1/fast && /usr/bin/make -f CMakeFiles/cmTC_f9fb1.dir/build.make CMakeFiles/cmTC_f9fb1.dir/build
make[1]: Entering directory '/home/marek/Documents/AutonomousFlight/CV_scripts/build/build/build/CMakeFiles/CMakeTmp'
Building CXX object CMakeFiles/cmTC_f9fb1.dir/src.cxx.o
/usr/bin/c++    -fsigned-char -W -Wall -Wreturn-type -Wnon-virtual-dtor -Waddress -Wsequence-point -Wformat -Wformat-security -Winit-self -Wpointer-arith -Wsign-promo -Wno-delete-non-virtual-dtor -Wno-comment -Wno-strict-overflow -fdiagnostics-show-option -Wno-long-long -pthread -fomit-frame-pointer -ffunction-sections -fdata-sections  -msse -msse2 -msse3 -fvisibility=hidden -fvisibility-inlines-hidden -Wno-shadow -Wno-unused -Wno-sign-compare -Wno-undef -Wno-missing-declarations -Wno-uninitialized -Wno-switch -Wno-parentheses -Wno-array-bounds -Wno-extra -Wno-deprecated-declarations -Wno-misleading-indentation -Wno-deprecated -Wno-suggest-override -Wno-implicit-fallthrough -Wno-tautological-compare -Wno-reorder -Wno-unused-result  -O3 -DNDEBUG  -DNDEBUG -fPIE    -Wno-implicit-const-int-float-conversion -std=c++11 -o CMakeFiles/cmTC_f9fb1.dir/src.cxx.o -c /home/marek/Documents/AutonomousFlight/CV_scripts/build/build/build/CMakeFiles/CMakeTmp/src.cxx
/home/marek/Documents/AutonomousFlight/CV_scripts/build/build/build/CMakeFiles/CMakeTmp/src.cxx:1: warning: ignoring #pragma   [-Wunknown-pragmas]
    1 | #pragma
      | 
cc1plus: warning: unrecognized command line option ‘-Wno-implicit-const-int-float-conversion’
Linking CXX executable cmTC_f9fb1
/usr/bin/cmake -E cmake_link_script CMakeFiles/cmTC_f9fb1.dir/link.txt --verbose=1
/usr/bin/c++     -fsigned-char -W -Wall -Wreturn-type -Wnon-virtual-dtor -Waddress -Wsequence-point -Wformat -Wformat-security -Winit-self -Wpointer-arith -Wsign-promo -Wno-delete-non-virtual-dtor -Wno-comment -Wno-strict-overflow -fdiagnostics-show-option -Wno-long-long -pthread -fomit-frame-pointer -ffunction-sections -fdata-sections  -msse -msse2 -msse3 -fvisibility=hidden -fvisibility-inlines-hidden -Wno-shadow -Wno-unused -Wno-sign-compare -Wno-undef -Wno-missing-declarations -Wno-uninitialized -Wno-switch -Wno-parentheses -Wno-array-bounds -Wno-extra -Wno-deprecated-declarations -Wno-misleading-indentation -Wno-deprecated -Wno-suggest-override -Wno-implicit-fallthrough -Wno-tautological-compare -Wno-reorder -Wno-unused-result  -O3 -DNDEBUG  -DNDEBUG    -Wl,--gc-sections -Wl,--as-needed -Wl,--no-undefined  CMakeFiles/cmTC_f9fb1.dir/src.cxx.o  -o cmTC_f9fb1 
make[1]: Leaving directory '/home/marek/Documents/AutonomousFlight/CV_scripts/build/build/build/CMakeFiles/CMakeTmp'


===== END =====

Determining if the function sgemm_ exists failed with the following output:
Change Dir: /home/marek/Documents/AutonomousFlight/CV_scripts/build/build/build/CMakeFiles/CMakeTmp

Run Build Command(s):/usr/bin/make cmTC_fffd6/fast && /usr/bin/make -f CMakeFiles/cmTC_fffd6.dir/build.make CMakeFiles/cmTC_fffd6.dir/build
make[1]: Entering directory '/home/marek/Documents/AutonomousFlight/CV_scripts/build/build/build/CMakeFiles/CMakeTmp'
Building C object CMakeFiles/cmTC_fffd6.dir/CheckFunctionExists.c.o
/usr/bin/cc   -fsigned-char -W -Wall -Wreturn-type -Waddress -Wsequence-point -Wformat -Wformat-security -Wmissing-declarations -Wmissing-prototypes -Wstrict-prototypes -Wundef -Winit-self -Wpointer-arith -Wshadow -Wuninitialized -Wno-comment -Wimplicit-fallthrough=3 -Wno-strict-overflow -fdiagnostics-show-option -Wno-long-long -pthread -fomit-frame-pointer -ffunction-sections -fdata-sections  -msse -msse2 -msse3 -fvisibility=hidden -DCHECK_FUNCTION_EXISTS=sgemm_ -O3 -DNDEBUG  -DNDEBUG -fPIE   -o CMakeFiles/cmTC_fffd6.dir/CheckFunctionExists.c.o   -c /usr/share/cmake-3.16/Modules/CheckFunctionExists.c
Linking C executable cmTC_fffd6
/usr/bin/cmake -E cmake_link_script CMakeFiles/cmTC_fffd6.dir/link.txt --verbose=1
/usr/bin/cc    -fsigned-char -W -Wall -Wreturn-type -Waddress -Wsequence-point -Wformat -Wformat-security -Wmissing-declarations -Wmissing-prototypes -Wstrict-prototypes -Wundef -Winit-self -Wpointer-arith -Wshadow -Wuninitialized -Wno-comment -Wimplicit-fallthrough=3 -Wno-strict-overflow -fdiagnostics-show-option -Wno-long-long -pthread -fomit-frame-pointer -ffunction-sections -fdata-sections  -msse -msse2 -msse3 -fvisibility=hidden -DCHECK_FUNCTION_EXISTS=sgemm_ -O3 -DNDEBUG  -DNDEBUG    -Wl,--gc-sections -Wl,--as-needed -Wl,--no-undefined  CMakeFiles/cmTC_fffd6.dir/CheckFunctionExists.c.o  -o cmTC_fffd6 
/usr/bin/ld: CMakeFiles/cmTC_fffd6.dir/CheckFunctionExists.c.o: in function `main':
CheckFunctionExists.c:(.text.startup.main+0x10): undefined reference to `sgemm_'
collect2: error: ld returned 1 exit status
make[1]: *** [CMakeFiles/cmTC_fffd6.dir/build.make:87: cmTC_fffd6] Error 1
make[1]: Leaving directory '/home/marek/Documents/AutonomousFlight/CV_scripts/build/build/build/CMakeFiles/CMakeTmp'
make: *** [Makefile:121: cmTC_fffd6/fast] Error 2



Determining if the function cheev_ exists failed with the following output:
Change Dir: /home/marek/Documents/AutonomousFlight/CV_scripts/build/build/build/CMakeFiles/CMakeTmp

Run Build Command(s):/usr/bin/make cmTC_b411d/fast && /usr/bin/make -f CMakeFiles/cmTC_b411d.dir/build.make CMakeFiles/cmTC_b411d.dir/build
make[1]: Entering directory '/home/marek/Documents/AutonomousFlight/CV_scripts/build/build/build/CMakeFiles/CMakeTmp'
Building C object CMakeFiles/cmTC_b411d.dir/CheckFunctionExists.c.o
/usr/bin/cc   -fsigned-char -W -Wall -Wreturn-type -Waddress -Wsequence-point -Wformat -Wformat-security -Wmissing-declarations -Wmissing-prototypes -Wstrict-prototypes -Wundef -Winit-self -Wpointer-arith -Wshadow -Wuninitialized -Wno-comment -Wimplicit-fallthrough=3 -Wno-strict-overflow -fdiagnostics-show-option -Wno-long-long -pthread -fomit-frame-pointer -ffunction-sections -fdata-sections  -msse -msse2 -msse3 -fvisibility=hidden -DCHECK_FUNCTION_EXISTS=cheev_ -O3 -DNDEBUG  -DNDEBUG -fPIE   -o CMakeFiles/cmTC_b411d.dir/CheckFunctionExists.c.o   -c /usr/share/cmake-3.16/Modules/CheckFunctionExists.c
Linking C executable cmTC_b411d
/usr/bin/cmake -E cmake_link_script CMakeFiles/cmTC_b411d.dir/link.txt --verbose=1
/usr/bin/cc    -fsigned-char -W -Wall -Wreturn-type -Waddress -Wsequence-point -Wformat -Wformat-security -Wmissing-declarations -Wmissing-prototypes -Wstrict-prototypes -Wundef -Winit-self -Wpointer-arith -Wshadow -Wuninitialized -Wno-comment -Wimplicit-fallthrough=3 -Wno-strict-overflow -fdiagnostics-show-option -Wno-long-long -pthread -fomit-frame-pointer -ffunction-sections -fdata-sections  -msse -msse2 -msse3 -fvisibility=hidden -DCHECK_FUNCTION_EXISTS=cheev_ -O3 -DNDEBUG  -DNDEBUG    -Wl,--gc-sections -Wl,--as-needed -Wl,--no-undefined  CMakeFiles/cmTC_b411d.dir/CheckFunctionExists.c.o  -o cmTC_b411d  /usr/lib/x86_64-linux-gnu/libblas.so 
/usr/bin/ld: CMakeFiles/cmTC_b411d.dir/CheckFunctionExists.c.o: in function `main':
CheckFunctionExists.c:(.text.startup.main+0x10): undefined reference to `cheev_'
collect2: error: ld returned 1 exit status
make[1]: *** [CMakeFiles/cmTC_b411d.dir/build.make:88: cmTC_b411d] Error 1
make[1]: Leaving directory '/home/marek/Documents/AutonomousFlight/CV_scripts/build/build/build/CMakeFiles/CMakeTmp'
make: *** [Makefile:121: cmTC_b411d/fast] Error 2



Build output check failed:
    Regex: 'unrecognized .*option'
    Output line: 'cc1plus: warning: unrecognized command line option ‘-Wno-tautological-undefined-compare’'
Compilation failed:
    source file: '/home/marek/Documents/AutonomousFlight/CV_scripts/build/build/build/CMakeFiles/CMakeTmp/src.cxx'
    check option: ' -Wno-tautological-undefined-compare'
===== BUILD LOG =====
Change Dir: /home/marek/Documents/AutonomousFlight/CV_scripts/build/build/build/CMakeFiles/CMakeTmp

Run Build Command(s):/usr/bin/make cmTC_55457/fast && /usr/bin/make -f CMakeFiles/cmTC_55457.dir/build.make CMakeFiles/cmTC_55457.dir/build
make[1]: Entering directory '/home/marek/Documents/AutonomousFlight/CV_scripts/build/build/build/CMakeFiles/CMakeTmp'
Building CXX object CMakeFiles/cmTC_55457.dir/src.cxx.o
/usr/bin/c++    -fsigned-char -W -Wall -Wreturn-type -Wnon-virtual-dtor -Waddress -Wsequence-point -Wformat -Wformat-security -Winit-self -Wpointer-arith -Wuninitialized -Wsuggest-override -Wno-delete-non-virtual-dtor -Wno-comment -Wimplicit-fallthrough=3 -Wno-strict-overflow -fdiagnostics-show-option -Wno-long-long -pthread -fomit-frame-pointer -ffunction-sections -fdata-sections  -msse -msse2 -msse3 -fvisibility=hidden -fvisibility-inlines-hidden -Wno-deprecated -Wno-missing-declarations -Wno-shadow -Wno-unused-parameter -Wno-unused-local-typedefs -Wno-sign-compare -Wno-sign-promo -Wno-undef  -O3 -DNDEBUG  -DNDEBUG -fPIE    -Wno-tautological-undefined-compare -std=c++11 -o CMakeFiles/cmTC_55457.dir/src.cxx.o -c /home/marek/Documents/AutonomousFlight/CV_scripts/build/build/build/CMakeFiles/CMakeTmp/src.cxx
/home/marek/Documents/AutonomousFlight/CV_scripts/build/build/build/CMakeFiles/CMakeTmp/src.cxx:1: warning: ignoring #pragma   [-Wunknown-pragmas]
    1 | #pragma
      | 
cc1plus: warning: unrecognized command line option ‘-Wno-tautological-undefined-compare’
Linking CXX executable cmTC_55457
/usr/bin/cmake -E cmake_link_script CMakeFiles/cmTC_55457.dir/link.txt --verbose=1
/usr/bin/c++     -fsigned-char -W -Wall -Wreturn-type -Wnon-virtual-dtor -Waddress -Wsequence-point -Wformat -Wformat-security -Winit-self -Wpointer-arith -Wuninitialized -Wsuggest-override -Wno-delete-non-virtual-dtor -Wno-comment -Wimplicit-fallthrough=3 -Wno-strict-overflow -fdiagnostics-show-option -Wno-long-long -pthread -fomit-frame-pointer -ffunction-sections -fdata-sections  -msse -msse2 -msse3 -fvisibility=hidden -fvisibility-inlines-hidden -Wno-deprecated -Wno-missing-declarations -Wno-shadow -Wno-unused-parameter -Wno-unused-local-typedefs -Wno-sign-compare -Wno-sign-promo -Wno-undef  -O3 -DNDEBUG  -DNDEBUG    -Wl,--gc-sections -Wl,--as-needed -Wl,--no-undefined  CMakeFiles/cmTC_55457.dir/src.cxx.o  -o cmTC_55457 
make[1]: Leaving directory '/home/marek/Documents/AutonomousFlight/CV_scripts/build/build/build/CMakeFiles/CMakeTmp'


===== END =====

Build output check failed:
    Regex: 'unrecognized .*option'
    Output line: 'cc1plus: warning: unrecognized command line option ‘-Wno-shorten-64-to-32’'
Compilation failed:
    source file: '/home/marek/Documents/AutonomousFlight/CV_scripts/build/build/build/CMakeFiles/CMakeTmp/src.cxx'
    check option: ' -Wno-shorten-64-to-32'
===== BUILD LOG =====
Change Dir: /home/marek/Documents/AutonomousFlight/CV_scripts/build/build/build/CMakeFiles/CMakeTmp

Run Build Command(s):/usr/bin/make cmTC_2f047/fast && /usr/bin/make -f CMakeFiles/cmTC_2f047.dir/build.make CMakeFiles/cmTC_2f047.dir/build
make[1]: Entering directory '/home/marek/Documents/AutonomousFlight/CV_scripts/build/build/build/CMakeFiles/CMakeTmp'
Building CXX object CMakeFiles/cmTC_2f047.dir/src.cxx.o
/usr/bin/c++    -fsigned-char -W -Wall -Wreturn-type -Wnon-virtual-dtor -Waddress -Wsequence-point -Wformat -Wformat-security -Winit-self -Wpointer-arith -Wuninitialized -Wsuggest-override -Wno-delete-non-virtual-dtor -Wno-comment -Wimplicit-fallthrough=3 -Wno-strict-overflow -fdiagnostics-show-option -Wno-long-long -pthread -fomit-frame-pointer -ffunction-sections -fdata-sections  -msse -msse2 -msse3 -fvisibility=hidden -fvisibility-inlines-hidden -Wno-deprecated -Wno-missing-declarations -Wno-shadow -Wno-unused-parameter -Wno-unused-local-typedefs -Wno-sign-compare -Wno-sign-promo -Wno-undef -Wno-ignored-qualifiers -Wno-extra -Wno-unused-function -Wno-unused-const-variable  -O3 -DNDEBUG  -DNDEBUG -fPIE    -Wno-shorten-64-to-32 -std=c++11 -o CMakeFiles/cmTC_2f047.dir/src.cxx.o -c /home/marek/Documents/AutonomousFlight/CV_scripts/build/build/build/CMakeFiles/CMakeTmp/src.cxx
/home/marek/Documents/AutonomousFlight/CV_scripts/build/build/build/CMakeFiles/CMakeTmp/src.cxx:1: warning: ignoring #pragma   [-Wunknown-pragmas]
    1 | #pragma
      | 
cc1plus: warning: unrecognized command line option ‘-Wno-shorten-64-to-32’
Linking CXX executable cmTC_2f047
/usr/bin/cmake -E cmake_link_script CMakeFiles/cmTC_2f047.dir/link.txt --verbose=1
/usr/bin/c++     -fsigned-char -W -Wall -Wreturn-type -Wnon-virtual-dtor -Waddress -Wsequence-point -Wformat -Wformat-security -Winit-self -Wpointer-arith -Wuninitialized -Wsuggest-override -Wno-delete-non-virtual-dtor -Wno-comment -Wimplicit-fallthrough=3 -Wno-strict-overflow -fdiagnostics-show-option -Wno-long-long -pthread -fomit-frame-pointer -ffunction-sections -fdata-sections  -msse -msse2 -msse3 -fvisibility=hidden -fvisibility-inlines-hidden -Wno-deprecated -Wno-missing-declarations -Wno-shadow -Wno-unused-parameter -Wno-unused-local-typedefs -Wno-sign-compare -Wno-sign-promo -Wno-undef -Wno-ignored-qualifiers -Wno-extra -Wno-unused-function -Wno-unused-const-variable  -O3 -DNDEBUG  -DNDEBUG    -Wl,--gc-sections -Wl,--as-needed -Wl,--no-undefined  CMakeFiles/cmTC_2f047.dir/src.cxx.o  -o cmTC_2f047 
make[1]: Leaving directory '/home/marek/Documents/AutonomousFlight/CV_scripts/build/build/build/CMakeFiles/CMakeTmp'


===== END =====

Build output check failed:
    Regex: 'unrecognized .*option'
    Output line: 'cc1plus: warning: unrecognized command line option ‘-Wno-enum-compare-switch’'
Compilation failed:
    source file: '/home/marek/Documents/AutonomousFlight/CV_scripts/build/build/build/CMakeFiles/CMakeTmp/src.cxx'
    check option: ' -Wno-enum-compare-switch'
===== BUILD LOG =====
Change Dir: /home/marek/Documents/AutonomousFlight/CV_scripts/build/build/build/CMakeFiles/CMakeTmp

Run Build Command(s):/usr/bin/make cmTC_6476f/fast && /usr/bin/make -f CMakeFiles/cmTC_6476f.dir/build.make CMakeFiles/cmTC_6476f.dir/build
make[1]: Entering directory '/home/marek/Documents/AutonomousFlight/CV_scripts/build/build/build/CMakeFiles/CMakeTmp'
Building CXX object CMakeFiles/cmTC_6476f.dir/src.cxx.o
/usr/bin/c++    -fsigned-char -W -Wall -Wreturn-type -Wnon-virtual-dtor -Waddress -Wsequence-point -Wformat -Wformat-security -Winit-self -Wpointer-arith -Wuninitialized -Wsuggest-override -Wno-delete-non-virtual-dtor -Wno-comment -Wimplicit-fallthrough=3 -Wno-strict-overflow -fdiagnostics-show-option -Wno-long-long -pthread -fomit-frame-pointer -ffunction-sections -fdata-sections  -msse -msse2 -msse3 -fvisibility=hidden -fvisibility-inlines-hidden -Wno-deprecated -Wno-missing-declarations -Wno-shadow -Wno-unused-parameter -Wno-unused-local-typedefs -Wno-sign-compare -Wno-sign-promo -Wno-undef -Wno-ignored-qualifiers -Wno-extra -Wno-unused-function -Wno-unused-const-variable -Wno-invalid-offsetof  -O3 -DNDEBUG  -DNDEBUG -fPIE    -Wno-enum-compare-switch -std=c++11 -o CMakeFiles/cmTC_6476f.dir/src.cxx.o -c /home/marek/Documents/AutonomousFlight/CV_scripts/build/build/build/CMakeFiles/CMakeTmp/src.cxx
/home/marek/Documents/AutonomousFlight/CV_scripts/build/build/build/CMakeFiles/CMakeTmp/src.cxx:1: warning: ignoring #pragma   [-Wunknown-pragmas]
    1 | #pragma
      | 
cc1plus: warning: unrecognized command line option ‘-Wno-enum-compare-switch’
Linking CXX executable cmTC_6476f
/usr/bin/cmake -E cmake_link_script CMakeFiles/cmTC_6476f.dir/link.txt --verbose=1
/usr/bin/c++     -fsigned-char -W -Wall -Wreturn-type -Wnon-virtual-dtor -Waddress -Wsequence-point -Wformat -Wformat-security -Winit-self -Wpointer-arith -Wuninitialized -Wsuggest-override -Wno-delete-non-virtual-dtor -Wno-comment -Wimplicit-fallthrough=3 -Wno-strict-overflow -fdiagnostics-show-option -Wno-long-long -pthread -fomit-frame-pointer -ffunction-sections -fdata-sections  -msse -msse2 -msse3 -fvisibility=hidden -fvisibility-inlines-hidden -Wno-deprecated -Wno-missing-declarations -Wno-shadow -Wno-unused-parameter -Wno-unused-local-typedefs -Wno-sign-compare -Wno-sign-promo -Wno-undef -Wno-ignored-qualifiers -Wno-extra -Wno-unused-function -Wno-unused-const-variable -Wno-invalid-offsetof  -O3 -DNDEBUG  -DNDEBUG    -Wl,--gc-sections -Wl,--as-needed -Wl,--no-undefined  CMakeFiles/cmTC_6476f.dir/src.cxx.o  -o cmTC_6476f 
make[1]: Leaving directory '/home/marek/Documents/AutonomousFlight/CV_scripts/build/build/build/CMakeFiles/CMakeTmp'


===== END =====

Determining if the include file sys/videoio.h exists failed with the following output:
Change Dir: /home/marek/Documents/AutonomousFlight/CV_scripts/build/build/build/CMakeFiles/CMakeTmp

Run Build Command(s):/usr/bin/make cmTC_2b4dc/fast && /usr/bin/make -f CMakeFiles/cmTC_2b4dc.dir/build.make CMakeFiles/cmTC_2b4dc.dir/build
make[1]: Entering directory '/home/marek/Documents/AutonomousFlight/CV_scripts/build/build/build/CMakeFiles/CMakeTmp'
Building C object CMakeFiles/cmTC_2b4dc.dir/CheckIncludeFile.c.o
/usr/bin/cc   -fsigned-char -W -Wall -Wreturn-type -Waddress -Wsequence-point -Wformat -Wformat-security -Wmissing-declarations -Wmissing-prototypes -Wstrict-prototypes -Wundef -Winit-self -Wpointer-arith -Wshadow -Wuninitialized -Wno-comment -Wimplicit-fallthrough=3 -Wno-strict-overflow -fdiagnostics-show-option -Wno-long-long -pthread -fomit-frame-pointer -ffunction-sections -fdata-sections  -msse -msse2 -msse3 -fvisibility=hidden  -O3 -DNDEBUG  -DNDEBUG -fPIE   -o CMakeFiles/cmTC_2b4dc.dir/CheckIncludeFile.c.o   -c /home/marek/Documents/AutonomousFlight/CV_scripts/build/build/build/CMakeFiles/CMakeTmp/CheckIncludeFile.c
/home/marek/Documents/AutonomousFlight/CV_scripts/build/build/build/CMakeFiles/CMakeTmp/CheckIncludeFile.c:1:10: fatal error: sys/videoio.h: No such file or directory
    1 | #include <sys/videoio.h>
      |          ^~~~~~~~~~~~~~~
compilation terminated.
make[1]: *** [CMakeFiles/cmTC_2b4dc.dir/build.make:66: CMakeFiles/cmTC_2b4dc.dir/CheckIncludeFile.c.o] Error 1
make[1]: Leaving directory '/home/marek/Documents/AutonomousFlight/CV_scripts/build/build/build/CMakeFiles/CMakeTmp'
make: *** [Makefile:121: cmTC_2b4dc/fast] Error 2



